app/build/outputs/logs/manifest-merger-release-report.txt
-- Merging decision tree log ---
manifest
ADDED from AndroidManifest.xml:2:1
	xmlns:android
		ADDED from AndroidManifest.xml:2:11
	package
		ADDED from AndroidManifest.xml:3:5
		INJECTED from AndroidManifest.xml:0:0
		INJECTED from AndroidManifest.xml:0:0
	android:versionName
		ADDED from AndroidManifest.xml:5:5
	android:versionCode
		ADDED from AndroidManifest.xml:4:5
		INJECTED from AndroidManifest.xml:0:0
		INJECTED from AndroidManifest.xml:0:0
uses-permission#android.permission.INTERNET
ADDED from AndroidManifest.xml:7:5
MERGED from com.paypal.sdk:paypal-android-sdk:2.14.2:10:5
	android:name
		ADDED from AndroidManifest.xml:7:22
uses-permission#android.permission.ACCESS_WIFI_STATE
ADDED from AndroidManifest.xml:8:5
	android:name
		ADDED from AndroidManifest.xml:8:22
uses-permission#android.permission.CHANGE_NETWORK_STATE
ADDED from AndroidManifest.xml:9:5
	android:name
		ADDED from AndroidManifest.xml:9:22
uses-permission#android.permission.ACCESS_NETWORK_STATE
ADDED from AndroidManifest.xml:10:5
MERGED from com.paypal.sdk:paypal-android-sdk:2.14.2:9:5
	android:name
		ADDED from AndroidManifest.xml:10:22
supports-screens
ADDED from AndroidManifest.xml:12:5
	android:resizeable
		ADDED from AndroidManifest.xml:16:9
	android:largeScreens
		ADDED from AndroidManifest.xml:14:9
	android:anyDensity
		ADDED from AndroidManifest.xml:13:9
	android:normalScreens
		ADDED from AndroidManifest.xml:15:9
	android:xlargeScreens
		ADDED from AndroidManifest.xml:18:9
	android:smallScreens
		ADDED from AndroidManifest.xml:17:9
application
ADDED from AndroidManifest.xml:20:5
MERGED from com.android.support:appcompat-v7:23.4.0:25:5
MERGED from com.android.support:animated-vector-drawable:23.4.0:7:5
MERGED from com.android.support:support-vector-drawable:23.4.0:7:5
MERGED from com.android.support:support-v4:23.4.0:22:5
MERGED from com.android.support:support-v4:23.4.0:22:5
MERGED from com.android.support:support-vector-drawable:23.4.0:7:5
MERGED from com.android.support:support-v4:23.4.0:22:5
MERGED from com.android.support:appcompat-v7:23.4.0:25:5
MERGED from com.android.support:animated-vector-drawable:23.4.0:7:5
MERGED from com.android.support:support-vector-drawable:23.4.0:7:5
MERGED from com.android.support:support-v4:23.4.0:22:5
MERGED from com.android.support:support-v4:23.4.0:22:5
MERGED from com.android.support:support-vector-drawable:23.4.0:7:5
MERGED from com.android.support:support-v4:23.4.0:22:5
MERGED from com.paypal.sdk:paypal-android-sdk:2.14.2:12:5
MERGED from io.card:android-sdk:5.3.4:21:5
	android:label
		ADDED from AndroidManifest.xml:24:9
	android:allowBackup
		ADDED from AndroidManifest.xml:22:9
	android:icon
		ADDED from AndroidManifest.xml:23:9
	android:theme
		ADDED from AndroidManifest.xml:25:9
	android:name
		ADDED from AndroidManifest.xml:21:9
activity#com.goskincare.activity.SplashActivity
ADDED from AndroidManifest.xml:28:9
	android:screenOrientation
		ADDED from AndroidManifest.xml:31:13
	android:label
		ADDED from AndroidManifest.xml:30:13
	android:theme
		ADDED from AndroidManifest.xml:32:13
	android:name
		ADDED from AndroidManifest.xml:29:13
intent-filter#android.intent.action.MAIN+android.intent.category.LAUNCHER
ADDED from AndroidManifest.xml:33:13
action#android.intent.action.MAIN
ADDED from AndroidManifest.xml:34:17
	android:name
		ADDED from AndroidManifest.xml:34:25
category#android.intent.category.LAUNCHER
ADDED from AndroidManifest.xml:36:17
	android:name
		ADDED from AndroidManifest.xml:36:27
activity#com.goskincare.activity.LoginActivity
ADDED from AndroidManifest.xml:40:9
	android:name
		ADDED from AndroidManifest.xml:40:19
activity#com.goskincare.activity.ResetPasswordActivity
ADDED from AndroidManifest.xml:42:9
	android:name
		ADDED from AndroidManifest.xml:42:19
activity#com.goskincare.activity.SignupActivity
ADDED from AndroidManifest.xml:44:9
	android:windowSoftInputMode
		ADDED from AndroidManifest.xml:47:13
	android:screenOrientation
		ADDED from AndroidManifest.xml:46:13
	android:name
		ADDED from AndroidManifest.xml:45:13
activity#com.goskincare.activity.CountryActivity
ADDED from AndroidManifest.xml:49:9
	android:name
		ADDED from AndroidManifest.xml:49:19
activity#com.goskincare.activity.MainActivity
ADDED from AndroidManifest.xml:51:9
	android:windowSoftInputMode
		ADDED from AndroidManifest.xml:53:13
	android:screenOrientation
		ADDED from AndroidManifest.xml:52:13
	android:name
		ADDED from AndroidManifest.xml:51:19
uses-sdk
INJECTED from AndroidManifest.xml:0:0 reason: use-sdk injection requested
MERGED from com.android.support:appcompat-v7:23.4.0:21:5
MERGED from com.android.support:animated-vector-drawable:23.4.0:5:5
MERGED from com.android.support:support-vector-drawable:23.4.0:5:5
MERGED from com.android.support:support-v4:23.4.0:20:5
MERGED from com.android.support:support-v4:23.4.0:20:5
MERGED from com.android.support:support-vector-drawable:23.4.0:5:5
MERGED from com.android.support:support-v4:23.4.0:20:5
MERGED from com.kyleduo.switchbutton:library:1.4.1:8:5
MERGED from com.android.support:appcompat-v7:23.4.0:21:5
MERGED from com.android.support:animated-vector-drawable:23.4.0:5:5
MERGED from com.android.support:support-vector-drawable:23.4.0:5:5
MERGED from com.android.support:support-v4:23.4.0:20:5
MERGED from com.android.support:support-v4:23.4.0:20:5
MERGED from com.android.support:support-vector-drawable:23.4.0:5:5
MERGED from com.android.support:support-v4:23.4.0:20:5
MERGED from com.paypal.sdk:paypal-android-sdk:2.14.2:5:5
MERGED from io.card:android-sdk:5.3.4:7:5
	android:targetSdkVersion
		INJECTED from AndroidManifest.xml:0:0
		INJECTED from AndroidManifest.xml:0:0
	android:minSdkVersion
		INJECTED from AndroidManifest.xml:0:0
		INJECTED from AndroidManifest.xml:0:0
	tools:overrideLibrary
		ADDED from com.android.support:appcompat-v7:23.4.0:23:9
activity#com.paypal.android.sdk.payments.PaymentActivity
ADDED from com.paypal.sdk:paypal-android-sdk:2.14.2:13:9
	android:name
		ADDED from com.paypal.sdk:paypal-android-sdk:2.14.2:13:19
activity#com.paypal.android.sdk.payments.PaymentMethodActivity
ADDED from com.paypal.sdk:paypal-android-sdk:2.14.2:14:9
	android:name
		ADDED from com.paypal.sdk:paypal-android-sdk:2.14.2:14:19
activity#com.paypal.android.sdk.payments.PaymentConfirmActivity
ADDED from com.paypal.sdk:paypal-android-sdk:2.14.2:15:9
	android:name
		ADDED from com.paypal.sdk:paypal-android-sdk:2.14.2:15:19
activity#com.paypal.android.sdk.payments.LoginActivity
ADDED from com.paypal.sdk:paypal-android-sdk:2.14.2:16:9
	android:name
		ADDED from com.paypal.sdk:paypal-android-sdk:2.14.2:16:19
activity#com.paypal.android.sdk.payments.PayPalFuturePaymentActivity
ADDED from com.paypal.sdk:paypal-android-sdk:2.14.2:17:9
	android:name
		ADDED from com.paypal.sdk:paypal-android-sdk:2.14.2:17:19
activity#com.paypal.android.sdk.payments.FuturePaymentConsentActivity
ADDED from com.paypal.sdk:paypal-android-sdk:2.14.2:18:9
	android:name
		ADDED from com.paypal.sdk:paypal-android-sdk:2.14.2:18:19
activity#com.paypal.android.sdk.payments.FuturePaymentInfoActivity
ADDED from com.paypal.sdk:paypal-android-sdk:2.14.2:19:9
	android:name
		ADDED from com.paypal.sdk:paypal-android-sdk:2.14.2:19:19
activity#com.paypal.android.sdk.payments.PayPalProfileSharingActivity
ADDED from com.paypal.sdk:paypal-android-sdk:2.14.2:20:9
	android:name
		ADDED from com.paypal.sdk:paypal-android-sdk:2.14.2:20:19
activity#com.paypal.android.sdk.payments.ProfileSharingConsentActivity
ADDED from com.paypal.sdk:paypal-android-sdk:2.14.2:21:9
	android:name
		ADDED from com.paypal.sdk:paypal-android-sdk:2.14.2:21:19
service#com.paypal.android.sdk.payments.PayPalService
ADDED from com.paypal.sdk:paypal-android-sdk:2.14.2:23:9
	android:exported
		ADDED from com.paypal.sdk:paypal-android-sdk:2.14.2:25:13
	android:name
		ADDED from com.paypal.sdk:paypal-android-sdk:2.14.2:24:13
uses-permission#android.permission.CAMERA
ADDED from io.card:android-sdk:5.3.4:11:5
	android:name
		ADDED from io.card:android-sdk:5.3.4:11:22
uses-permission#android.permission.VIBRATE
ADDED from io.card:android-sdk:5.3.4:12:5
	android:name
		ADDED from io.card:android-sdk:5.3.4:12:22
uses-feature#android.hardware.camera
ADDED from io.card:android-sdk:5.3.4:14:5
	android:required
		ADDED from io.card:android-sdk:5.3.4:16:9
	android:name
		ADDED from io.card:android-sdk:5.3.4:15:9
uses-feature#android.hardware.camera.autofocus
ADDED from io.card:android-sdk:5.3.4:17:5
	android:required
		ADDED from io.card:android-sdk:5.3.4:19:9
	android:name
		ADDED from io.card:android-sdk:5.3.4:18:9
activity#io.card.payment.CardIOActivity
ADDED from io.card:android-sdk:5.3.4:22:9
	android:configChanges
		ADDED from io.card:android-sdk:5.3.4:24:13
	android:name
		ADDED from io.card:android-sdk:5.3.4:23:13
activity#io.card.payment.DataEntryActivity
ADDED from io.card:android-sdk:5.3.4:25:9
	android:name
		ADDED from io.card:android-sdk:5.3.4:25:19